[1.532s] Invoking command in '/home/sreeja/aaa stuff/ros_new/src/py_pubsub': DEBUGINFOD_URLS=https://debuginfod.ubuntu.com PYTHONPATH=/home/sreeja/aaa stuff/ros_new/build/py_pubsub/prefix_override:/usr/lib/python3/dist-packages/colcon_core/task/python/colcon_distutils_commands:/home/sreeja/aaa stuff/ros_new/install/py_pubsub/lib/python3.12/site-packages:${PYTHONPATH} /usr/bin/python3 -W ignore:setup.py install is deprecated -W ignore:easy_install command is deprecated setup.py egg_info --egg-base ../../build/py_pubsub build --build-base /home/sreeja/aaa stuff/ros_new/build/py_pubsub/build install --record /home/sreeja/aaa stuff/ros_new/build/py_pubsub/install.log --single-version-externally-managed install_data
[2.032s] running egg_info
[2.071s] writing ../../build/py_pubsub/py_pubsub.egg-info/PKG-INFO
[2.072s] writing dependency_links to ../../build/py_pubsub/py_pubsub.egg-info/dependency_links.txt
[2.072s] writing entry points to ../../build/py_pubsub/py_pubsub.egg-info/entry_points.txt
[2.072s] writing requirements to ../../build/py_pubsub/py_pubsub.egg-info/requires.txt
[2.073s] writing top-level names to ../../build/py_pubsub/py_pubsub.egg-info/top_level.txt
[2.154s] reading manifest file '../../build/py_pubsub/py_pubsub.egg-info/SOURCES.txt'
[2.155s] adding license file 'LICENSE'
[2.156s] writing manifest file '../../build/py_pubsub/py_pubsub.egg-info/SOURCES.txt'
[2.156s] running build
[2.156s] running build_py
[2.157s] copying py_pubsub/publisher_member_function.py -> /home/sreeja/aaa stuff/ros_new/build/py_pubsub/build/lib/py_pubsub
[2.157s] copying py_pubsub/subscriber_member_function.py -> /home/sreeja/aaa stuff/ros_new/build/py_pubsub/build/lib/py_pubsub
[2.157s] running install
[2.168s] running install_lib
[2.211s] copying /home/sreeja/aaa stuff/ros_new/build/py_pubsub/build/lib/py_pubsub/publisher_member_function.py -> /home/sreeja/aaa stuff/ros_new/install/py_pubsub/lib/python3.12/site-packages/py_pubsub
[2.211s] copying /home/sreeja/aaa stuff/ros_new/build/py_pubsub/build/lib/py_pubsub/subscriber_member_function.py -> /home/sreeja/aaa stuff/ros_new/install/py_pubsub/lib/python3.12/site-packages/py_pubsub
[2.212s] byte-compiling /home/sreeja/aaa stuff/ros_new/install/py_pubsub/lib/python3.12/site-packages/py_pubsub/publisher_member_function.py to publisher_member_function.cpython-312.pyc
[2.213s] byte-compiling /home/sreeja/aaa stuff/ros_new/install/py_pubsub/lib/python3.12/site-packages/py_pubsub/subscriber_member_function.py to subscriber_member_function.cpython-312.pyc
[2.214s] running install_data
[2.214s] copying launch/pub_sub_launch.py -> /home/sreeja/aaa stuff/ros_new/install/py_pubsub/share/py_pubsub/launch
[2.215s] running install_egg_info
[2.257s] removing '/home/sreeja/aaa stuff/ros_new/install/py_pubsub/lib/python3.12/site-packages/py_pubsub-0.0.0-py3.12.egg-info' (and everything under it)
[2.257s] Copying ../../build/py_pubsub/py_pubsub.egg-info to /home/sreeja/aaa stuff/ros_new/install/py_pubsub/lib/python3.12/site-packages/py_pubsub-0.0.0-py3.12.egg-info
[2.259s] running install_scripts
[2.522s] Installing listener script to /home/sreeja/aaa stuff/ros_new/install/py_pubsub/lib/py_pubsub
[2.522s] Installing talker script to /home/sreeja/aaa stuff/ros_new/install/py_pubsub/lib/py_pubsub
[2.523s] writing list of installed files to '/home/sreeja/aaa stuff/ros_new/build/py_pubsub/install.log'
[2.558s] Invoked command in '/home/sreeja/aaa stuff/ros_new/src/py_pubsub' returned '0': DEBUGINFOD_URLS=https://debuginfod.ubuntu.com PYTHONPATH=/home/sreeja/aaa stuff/ros_new/build/py_pubsub/prefix_override:/usr/lib/python3/dist-packages/colcon_core/task/python/colcon_distutils_commands:/home/sreeja/aaa stuff/ros_new/install/py_pubsub/lib/python3.12/site-packages:${PYTHONPATH} /usr/bin/python3 -W ignore:setup.py install is deprecated -W ignore:easy_install command is deprecated setup.py egg_info --egg-base ../../build/py_pubsub build --build-base /home/sreeja/aaa stuff/ros_new/build/py_pubsub/build install --record /home/sreeja/aaa stuff/ros_new/build/py_pubsub/install.log --single-version-externally-managed install_data
