[1.523s] Invoking command in '/home/sreeja/aaa stuff/ros_new/src/py_pubsub': DEBUGINFOD_URLS=https://debuginfod.ubuntu.com PYTHONPATH=/home/sreeja/aaa stuff/ros_new/build/py_pubsub/prefix_override:/usr/lib/python3/dist-packages/colcon_core/task/python/colcon_distutils_commands:/home/sreeja/aaa stuff/ros_new/install/py_pubsub/lib/python3.12/site-packages:${PYTHONPATH} /usr/bin/python3 -W ignore:setup.py install is deprecated -W ignore:easy_install command is deprecated setup.py egg_info --egg-base ../../build/py_pubsub build --build-base /home/sreeja/aaa stuff/ros_new/build/py_pubsub/build install --record /home/sreeja/aaa stuff/ros_new/build/py_pubsub/install.log --single-version-externally-managed install_data
[2.026s] running egg_info
[2.066s] writing ../../build/py_pubsub/py_pubsub.egg-info/PKG-INFO
[2.066s] writing dependency_links to ../../build/py_pubsub/py_pubsub.egg-info/dependency_links.txt
[2.066s] writing entry points to ../../build/py_pubsub/py_pubsub.egg-info/entry_points.txt
[2.067s] writing requirements to ../../build/py_pubsub/py_pubsub.egg-info/requires.txt
[2.067s] writing top-level names to ../../build/py_pubsub/py_pubsub.egg-info/top_level.txt
[2.146s] reading manifest file '../../build/py_pubsub/py_pubsub.egg-info/SOURCES.txt'
[2.146s] adding license file 'LICENSE'
[2.147s] writing manifest file '../../build/py_pubsub/py_pubsub.egg-info/SOURCES.txt'
[2.147s] running build
[2.147s] running build_py
[2.148s] copying py_pubsub/publisher_member_function.py -> /home/sreeja/aaa stuff/ros_new/build/py_pubsub/build/lib/py_pubsub
[2.148s] running install
[2.158s] running install_lib
[2.197s] copying /home/sreeja/aaa stuff/ros_new/build/py_pubsub/build/lib/py_pubsub/publisher_member_function.py -> /home/sreeja/aaa stuff/ros_new/install/py_pubsub/lib/python3.12/site-packages/py_pubsub
[2.198s] byte-compiling /home/sreeja/aaa stuff/ros_new/install/py_pubsub/lib/python3.12/site-packages/py_pubsub/publisher_member_function.py to publisher_member_function.cpython-312.pyc
[2.199s] running install_data
[2.199s] running install_egg_info
[2.242s] removing '/home/sreeja/aaa stuff/ros_new/install/py_pubsub/lib/python3.12/site-packages/py_pubsub-0.0.0-py3.12.egg-info' (and everything under it)
[2.243s] Copying ../../build/py_pubsub/py_pubsub.egg-info to /home/sreeja/aaa stuff/ros_new/install/py_pubsub/lib/python3.12/site-packages/py_pubsub-0.0.0-py3.12.egg-info
[2.244s] running install_scripts
[2.508s] Installing listener script to /home/sreeja/aaa stuff/ros_new/install/py_pubsub/lib/py_pubsub
[2.508s] Installing talker script to /home/sreeja/aaa stuff/ros_new/install/py_pubsub/lib/py_pubsub
[2.508s] writing list of installed files to '/home/sreeja/aaa stuff/ros_new/build/py_pubsub/install.log'
[2.547s] Invoked command in '/home/sreeja/aaa stuff/ros_new/src/py_pubsub' returned '0': DEBUGINFOD_URLS=https://debuginfod.ubuntu.com PYTHONPATH=/home/sreeja/aaa stuff/ros_new/build/py_pubsub/prefix_override:/usr/lib/python3/dist-packages/colcon_core/task/python/colcon_distutils_commands:/home/sreeja/aaa stuff/ros_new/install/py_pubsub/lib/python3.12/site-packages:${PYTHONPATH} /usr/bin/python3 -W ignore:setup.py install is deprecated -W ignore:easy_install command is deprecated setup.py egg_info --egg-base ../../build/py_pubsub build --build-base /home/sreeja/aaa stuff/ros_new/build/py_pubsub/build install --record /home/sreeja/aaa stuff/ros_new/build/py_pubsub/install.log --single-version-externally-managed install_data
