[1.541s] Invoking command in '/home/sreeja/aaa stuff/ros_new/py_pubsub': DEBUGINFOD_URLS=https://debuginfod.ubuntu.com PYTHONPATH=/home/sreeja/aaa stuff/ros_new/build/py_pubsub/prefix_override:/usr/lib/python3/dist-packages/colcon_core/task/python/colcon_distutils_commands:/home/sreeja/aaa stuff/ros_new/install/py_pubsub/lib/python3.12/site-packages:${PYTHONPATH} /usr/bin/python3 -W ignore:setup.py install is deprecated -W ignore:easy_install command is deprecated setup.py egg_info --egg-base ../build/py_pubsub build --build-base /home/sreeja/aaa stuff/ros_new/build/py_pubsub/build install --record /home/sreeja/aaa stuff/ros_new/build/py_pubsub/install.log --single-version-externally-managed install_data
[2.042s] running egg_info
[2.042s] creating ../build/py_pubsub/py_pubsub.egg-info
[2.081s] writing ../build/py_pubsub/py_pubsub.egg-info/PKG-INFO
[2.082s] writing dependency_links to ../build/py_pubsub/py_pubsub.egg-info/dependency_links.txt
[2.082s] writing entry points to ../build/py_pubsub/py_pubsub.egg-info/entry_points.txt
[2.082s] writing requirements to ../build/py_pubsub/py_pubsub.egg-info/requires.txt
[2.083s] writing top-level names to ../build/py_pubsub/py_pubsub.egg-info/top_level.txt
[2.083s] writing manifest file '../build/py_pubsub/py_pubsub.egg-info/SOURCES.txt'
[2.164s] reading manifest file '../build/py_pubsub/py_pubsub.egg-info/SOURCES.txt'
[2.165s] adding license file 'LICENSE'
[2.165s] writing manifest file '../build/py_pubsub/py_pubsub.egg-info/SOURCES.txt'
[2.166s] running build
[2.166s] running build_py
[2.166s] creating /home/sreeja/aaa stuff/ros_new/build/py_pubsub/build
[2.166s] creating /home/sreeja/aaa stuff/ros_new/build/py_pubsub/build/lib
[2.166s] creating /home/sreeja/aaa stuff/ros_new/build/py_pubsub/build/lib/py_pubsub
[2.167s] copying py_pubsub/__init__.py -> /home/sreeja/aaa stuff/ros_new/build/py_pubsub/build/lib/py_pubsub
[2.167s] copying py_pubsub/publisher_member_function.py -> /home/sreeja/aaa stuff/ros_new/build/py_pubsub/build/lib/py_pubsub
[2.167s] copying py_pubsub/subscriber_member_function.py -> /home/sreeja/aaa stuff/ros_new/build/py_pubsub/build/lib/py_pubsub
[2.167s] running install
[2.177s] running install_lib
[2.221s] creating /home/sreeja/aaa stuff/ros_new/install/py_pubsub/lib/python3.12/site-packages/py_pubsub
[2.221s] copying /home/sreeja/aaa stuff/ros_new/build/py_pubsub/build/lib/py_pubsub/__init__.py -> /home/sreeja/aaa stuff/ros_new/install/py_pubsub/lib/python3.12/site-packages/py_pubsub
[2.221s] copying /home/sreeja/aaa stuff/ros_new/build/py_pubsub/build/lib/py_pubsub/publisher_member_function.py -> /home/sreeja/aaa stuff/ros_new/install/py_pubsub/lib/python3.12/site-packages/py_pubsub
[2.222s] copying /home/sreeja/aaa stuff/ros_new/build/py_pubsub/build/lib/py_pubsub/subscriber_member_function.py -> /home/sreeja/aaa stuff/ros_new/install/py_pubsub/lib/python3.12/site-packages/py_pubsub
[2.223s] byte-compiling /home/sreeja/aaa stuff/ros_new/install/py_pubsub/lib/python3.12/site-packages/py_pubsub/__init__.py to __init__.cpython-312.pyc
[2.223s] byte-compiling /home/sreeja/aaa stuff/ros_new/install/py_pubsub/lib/python3.12/site-packages/py_pubsub/publisher_member_function.py to publisher_member_function.cpython-312.pyc
[2.224s] byte-compiling /home/sreeja/aaa stuff/ros_new/install/py_pubsub/lib/python3.12/site-packages/py_pubsub/subscriber_member_function.py to subscriber_member_function.cpython-312.pyc
[2.225s] running install_data
[2.225s] creating /home/sreeja/aaa stuff/ros_new/install/py_pubsub/share/ament_index
[2.226s] creating /home/sreeja/aaa stuff/ros_new/install/py_pubsub/share/ament_index/resource_index
[2.226s] creating /home/sreeja/aaa stuff/ros_new/install/py_pubsub/share/ament_index/resource_index/packages
[2.226s] copying resource/py_pubsub -> /home/sreeja/aaa stuff/ros_new/install/py_pubsub/share/ament_index/resource_index/packages
[2.226s] copying package.xml -> /home/sreeja/aaa stuff/ros_new/install/py_pubsub/share/py_pubsub
[2.226s] creating /home/sreeja/aaa stuff/ros_new/install/py_pubsub/share/py_pubsub/launch
[2.227s] copying launch/pub_sub_launch.py -> /home/sreeja/aaa stuff/ros_new/install/py_pubsub/share/py_pubsub/launch
[2.227s] running install_egg_info
[2.269s] Copying ../build/py_pubsub/py_pubsub.egg-info to /home/sreeja/aaa stuff/ros_new/install/py_pubsub/lib/python3.12/site-packages/py_pubsub-0.0.0-py3.12.egg-info
[2.270s] running install_scripts
[2.535s] Installing listener script to /home/sreeja/aaa stuff/ros_new/install/py_pubsub/lib/py_pubsub
[2.535s] Installing talker script to /home/sreeja/aaa stuff/ros_new/install/py_pubsub/lib/py_pubsub
[2.535s] writing list of installed files to '/home/sreeja/aaa stuff/ros_new/build/py_pubsub/install.log'
[2.579s] Invoked command in '/home/sreeja/aaa stuff/ros_new/py_pubsub' returned '0': DEBUGINFOD_URLS=https://debuginfod.ubuntu.com PYTHONPATH=/home/sreeja/aaa stuff/ros_new/build/py_pubsub/prefix_override:/usr/lib/python3/dist-packages/colcon_core/task/python/colcon_distutils_commands:/home/sreeja/aaa stuff/ros_new/install/py_pubsub/lib/python3.12/site-packages:${PYTHONPATH} /usr/bin/python3 -W ignore:setup.py install is deprecated -W ignore:easy_install command is deprecated setup.py egg_info --egg-base ../build/py_pubsub build --build-base /home/sreeja/aaa stuff/ros_new/build/py_pubsub/build install --record /home/sreeja/aaa stuff/ros_new/build/py_pubsub/install.log --single-version-externally-managed install_data
