[1.526s] Invoking command in '/home/sreeja/aaa stuff/ros_new/src/py_pubsub': DEBUGINFOD_URLS=https://debuginfod.ubuntu.com PYTHONPATH=/home/sreeja/aaa stuff/ros_new/build/py_pubsub/prefix_override:/usr/lib/python3/dist-packages/colcon_core/task/python/colcon_distutils_commands:/home/sreeja/aaa stuff/ros_new/install/py_pubsub/lib/python3.12/site-packages:${PYTHONPATH} /usr/bin/python3 -W ignore:setup.py install is deprecated -W ignore:easy_install command is deprecated setup.py egg_info --egg-base ../../build/py_pubsub build --build-base /home/sreeja/aaa stuff/ros_new/build/py_pubsub/build install --record /home/sreeja/aaa stuff/ros_new/build/py_pubsub/install.log --single-version-externally-managed install_data
[2.043s] running egg_info
[2.082s] writing ../../build/py_pubsub/py_pubsub.egg-info/PKG-INFO
[2.083s] writing dependency_links to ../../build/py_pubsub/py_pubsub.egg-info/dependency_links.txt
[2.083s] writing entry points to ../../build/py_pubsub/py_pubsub.egg-info/entry_points.txt
[2.083s] writing requirements to ../../build/py_pubsub/py_pubsub.egg-info/requires.txt
[2.083s] writing top-level names to ../../build/py_pubsub/py_pubsub.egg-info/top_level.txt
[2.163s] reading manifest file '../../build/py_pubsub/py_pubsub.egg-info/SOURCES.txt'
[2.164s] adding license file 'LICENSE'
[2.164s] writing manifest file '../../build/py_pubsub/py_pubsub.egg-info/SOURCES.txt'
[2.165s] running build
[2.165s] running build_py
[2.165s] copying py_pubsub/publisher_member_function.py -> /home/sreeja/aaa stuff/ros_new/build/py_pubsub/build/lib/py_pubsub
[2.165s] running install
[2.175s] running install_lib
[2.217s] copying /home/sreeja/aaa stuff/ros_new/build/py_pubsub/build/lib/py_pubsub/publisher_member_function.py -> /home/sreeja/aaa stuff/ros_new/install/py_pubsub/lib/python3.12/site-packages/py_pubsub
[2.218s] byte-compiling /home/sreeja/aaa stuff/ros_new/install/py_pubsub/lib/python3.12/site-packages/py_pubsub/publisher_member_function.py to publisher_member_function.cpython-312.pyc
[2.219s] running install_data
[2.220s] running install_egg_info
[2.260s] removing '/home/sreeja/aaa stuff/ros_new/install/py_pubsub/lib/python3.12/site-packages/py_pubsub-0.0.0-py3.12.egg-info' (and everything under it)
[2.261s] Copying ../../build/py_pubsub/py_pubsub.egg-info to /home/sreeja/aaa stuff/ros_new/install/py_pubsub/lib/python3.12/site-packages/py_pubsub-0.0.0-py3.12.egg-info
[2.263s] running install_scripts
[2.525s] Installing listener script to /home/sreeja/aaa stuff/ros_new/install/py_pubsub/lib/py_pubsub
[2.526s] Installing talker script to /home/sreeja/aaa stuff/ros_new/install/py_pubsub/lib/py_pubsub
[2.526s] writing list of installed files to '/home/sreeja/aaa stuff/ros_new/build/py_pubsub/install.log'
[2.561s] Invoked command in '/home/sreeja/aaa stuff/ros_new/src/py_pubsub' returned '0': DEBUGINFOD_URLS=https://debuginfod.ubuntu.com PYTHONPATH=/home/sreeja/aaa stuff/ros_new/build/py_pubsub/prefix_override:/usr/lib/python3/dist-packages/colcon_core/task/python/colcon_distutils_commands:/home/sreeja/aaa stuff/ros_new/install/py_pubsub/lib/python3.12/site-packages:${PYTHONPATH} /usr/bin/python3 -W ignore:setup.py install is deprecated -W ignore:easy_install command is deprecated setup.py egg_info --egg-base ../../build/py_pubsub build --build-base /home/sreeja/aaa stuff/ros_new/build/py_pubsub/build install --record /home/sreeja/aaa stuff/ros_new/build/py_pubsub/install.log --single-version-externally-managed install_data
